2025-04-04 08:01:08.567607 - Received CBT.V508.FILE330.PDS from FILE330.XMI 
2025-04-04 08:01:08.568965 - Found $$$#DATE.txt (text/plain) in CBT.V508.FILE330.PDS, moved to PDS/$$$#DATE
2025-04-04 08:01:08.569119 - Found $$$CCSD.txt (text/plain) in CBT.V508.FILE330.PDS, moved to PDS/$$$CCSD
2025-04-04 08:01:08.569261 - Found $$$COBA.txt (text/plain) in CBT.V508.FILE330.PDS, moved to PDS/$$$COBA
2025-04-04 08:01:08.569389 - Found $$$SMF88.txt (text/plain) in CBT.V508.FILE330.PDS, moved to PDS/$$$SMF88
2025-04-04 08:01:08.569512 - Found $$CCNOTE.eml (message/rfc822) in CBT.V508.FILE330.PDS, moved to PDS/$$CCNOTE
2025-04-04 08:01:08.569631 - Found $$CCNOT1.txt (text/plain) in CBT.V508.FILE330.PDS, moved to PDS/$$CCNOT1
2025-04-04 08:01:08.569771 - Found $$README.txt (text/plain) in CBT.V508.FILE330.PDS, moved to PDS/$$README
2025-04-04 08:01:08.570025 - Found $INSTALL.txt (text/plain) in CBT.V508.FILE330.PDS, moved to PDS/$INSTALL
2025-04-04 08:01:08.570182 - Found $PDSLCOB.jcl (text/plain) in CBT.V508.FILE330.PDS, moved to PDS/$PDSLCOB
2025-04-04 08:01:08.570325 - Found $RECCCSD.txt (text/plain) in CBT.V508.FILE330.PDS, moved to PDS/$RECCCSD
2025-04-04 08:01:08.570458 - Found $RECCOBA.txt (text/plain) in CBT.V508.FILE330.PDS, moved to PDS/$RECCOBA
2025-04-04 08:01:08.570587 - Found $RECVALL.txt (text/plain) in CBT.V508.FILE330.PDS, moved to PDS/$RECVALL
2025-04-04 08:01:08.570739 - Found @FILE330.txt (text/plain) in CBT.V508.FILE330.PDS, moved to PDS/@FILE330
2025-04-04 08:01:08.571047 - Found CCSDEXEC.xmi (application/xmit) in CBT.V508.FILE330.PDS, moved to PDS/CCSDEXEC.xmi
2025-04-04 08:01:09.781207 - Received EX31022.CCSD.SISPEXEC from CCSDEXEC.xmi 
2025-04-04 08:01:09.783188 - Found $CICCSD.rexx (text/plain) in EX31022.CCSD.SISPEXEC, moved to CCSDEXEC/$CICCSD
2025-04-04 08:01:09.783352 - Found $INSTALL.txt (text/plain) in EX31022.CCSD.SISPEXEC, moved to CCSDEXEC/$INSTALL
2025-04-04 08:01:09.783486 - Found $SMF88.rexx (text/plain) in EX31022.CCSD.SISPEXEC, moved to CCSDEXEC/$SMF88
2025-04-04 08:01:09.783625 - Found CICCMD00.rexx (text/plain) in EX31022.CCSD.SISPEXEC, moved to CCSDEXEC/CICCMD00
2025-04-04 08:01:09.783780 - Found CICCMD01.rexx (text/plain) in EX31022.CCSD.SISPEXEC, moved to CCSDEXEC/CICCMD01
2025-04-04 08:01:09.783904 - Found CICCMD02.rexx (text/plain) in EX31022.CCSD.SISPEXEC, moved to CCSDEXEC/CICCMD02
2025-04-04 08:01:09.784025 - Found CICCMD03.rexx (text/plain) in EX31022.CCSD.SISPEXEC, moved to CCSDEXEC/CICCMD03
2025-04-04 08:01:09.784150 - Found CICCON00.rexx (text/plain) in EX31022.CCSD.SISPEXEC, moved to CCSDEXEC/CICCON00
2025-04-04 08:01:09.784271 - Found CICCON01.rexx (text/plain) in EX31022.CCSD.SISPEXEC, moved to CCSDEXEC/CICCON01
2025-04-04 08:01:09.784392 - Found CICCON02.rexx (text/plain) in EX31022.CCSD.SISPEXEC, moved to CCSDEXEC/CICCON02
2025-04-04 08:01:09.784510 - Found CICCON08.rexx (text/plain) in EX31022.CCSD.SISPEXEC, moved to CCSDEXEC/CICCON08
2025-04-04 08:01:09.784643 - Found CICCON09.rexx (text/plain) in EX31022.CCSD.SISPEXEC, moved to CCSDEXEC/CICCON09
2025-04-04 08:01:09.784765 - Found CICCSD.rexx (text/plain) in EX31022.CCSD.SISPEXEC, moved to CCSDEXEC/CICCSD
2025-04-04 08:01:09.784884 - Found CICFIL00.rexx (text/plain) in EX31022.CCSD.SISPEXEC, moved to CCSDEXEC/CICFIL00
2025-04-04 08:01:09.785011 - Found CICFIL01.rexx (text/plain) in EX31022.CCSD.SISPEXEC, moved to CCSDEXEC/CICFIL01
2025-04-04 08:01:09.785133 - Found CICFIL02.rexx (text/plain) in EX31022.CCSD.SISPEXEC, moved to CCSDEXEC/CICFIL02
2025-04-04 08:01:09.785255 - Found CICFIL09.rexx (text/plain) in EX31022.CCSD.SISPEXEC, moved to CCSDEXEC/CICFIL09
2025-04-04 08:01:09.785376 - Found CICGRP00.rexx (text/plain) in EX31022.CCSD.SISPEXEC, moved to CCSDEXEC/CICGRP00
2025-04-04 08:01:09.785522 - Found CICGRP01.rexx (text/plain) in EX31022.CCSD.SISPEXEC, moved to CCSDEXEC/CICGRP01
2025-04-04 08:01:09.785665 - Found CICGRP02.rexx (text/plain) in EX31022.CCSD.SISPEXEC, moved to CCSDEXEC/CICGRP02
2025-04-04 08:01:09.785793 - Found CICGRP08.rexx (text/plain) in EX31022.CCSD.SISPEXEC, moved to CCSDEXEC/CICGRP08
2025-04-04 08:01:09.785911 - Found CICLSR00.rexx (text/plain) in EX31022.CCSD.SISPEXEC, moved to CCSDEXEC/CICLSR00
2025-04-04 08:01:09.786043 - Found CICLSR01.rexx (text/plain) in EX31022.CCSD.SISPEXEC, moved to CCSDEXEC/CICLSR01
2025-04-04 08:01:09.786161 - Found CICLSR02.rexx (text/plain) in EX31022.CCSD.SISPEXEC, moved to CCSDEXEC/CICLSR02
2025-04-04 08:01:09.786278 - Found CICLSR09.rexx (text/plain) in EX31022.CCSD.SISPEXEC, moved to CCSDEXEC/CICLSR09
2025-04-04 08:01:09.786418 - Found CICLST00.rexx (text/plain) in EX31022.CCSD.SISPEXEC, moved to CCSDEXEC/CICLST00
2025-04-04 08:01:09.786560 - Found CICMAP00.rexx (text/plain) in EX31022.CCSD.SISPEXEC, moved to CCSDEXEC/CICMAP00
2025-04-04 08:01:09.786689 - Found CICMAP01.rexx (text/plain) in EX31022.CCSD.SISPEXEC, moved to CCSDEXEC/CICMAP01
2025-04-04 08:01:09.786806 - Found CICMAP02.rexx (text/plain) in EX31022.CCSD.SISPEXEC, moved to CCSDEXEC/CICMAP02
2025-04-04 08:01:09.786945 - Found CICMAP09.rexx (text/plain) in EX31022.CCSD.SISPEXEC, moved to CCSDEXEC/CICMAP09
2025-04-04 08:01:09.787062 - Found CICOBJ00.rexx (text/plain) in EX31022.CCSD.SISPEXEC, moved to CCSDEXEC/CICOBJ00
2025-04-04 08:01:09.787189 - Found CICOBJ01.rexx (text/plain) in EX31022.CCSD.SISPEXEC, moved to CCSDEXEC/CICOBJ01
2025-04-04 08:01:09.787338 - Found CICOBJ02.rexx (text/plain) in EX31022.CCSD.SISPEXEC, moved to CCSDEXEC/CICOBJ02
2025-04-04 08:01:09.787454 - Found CICOBJ08.rexx (text/plain) in EX31022.CCSD.SISPEXEC, moved to CCSDEXEC/CICOBJ08
2025-04-04 08:01:09.787574 - Found CICOBJ09.rexx (text/plain) in EX31022.CCSD.SISPEXEC, moved to CCSDEXEC/CICOBJ09
2025-04-04 08:01:09.787705 - Found CICOB200.rexx (text/plain) in EX31022.CCSD.SISPEXEC, moved to CCSDEXEC/CICOB200
2025-04-04 08:01:09.787833 - Found CICOB201.rexx (text/plain) in EX31022.CCSD.SISPEXEC, moved to CCSDEXEC/CICOB201
2025-04-04 08:01:09.787956 - Found CICOB202.rexx (text/plain) in EX31022.CCSD.SISPEXEC, moved to CCSDEXEC/CICOB202
2025-04-04 08:01:09.788081 - Found CICOB208.rexx (text/plain) in EX31022.CCSD.SISPEXEC, moved to CCSDEXEC/CICOB208
2025-04-04 08:01:09.788220 - Found CICPRF00.rexx (text/plain) in EX31022.CCSD.SISPEXEC, moved to CCSDEXEC/CICPRF00
2025-04-04 08:01:09.788339 - Found CICPRF01.rexx (text/plain) in EX31022.CCSD.SISPEXEC, moved to CCSDEXEC/CICPRF01
2025-04-04 08:01:09.788458 - Found CICPRF02.rexx (text/plain) in EX31022.CCSD.SISPEXEC, moved to CCSDEXEC/CICPRF02
2025-04-04 08:01:09.788586 - Found CICPRF09.rexx (text/plain) in EX31022.CCSD.SISPEXEC, moved to CCSDEXEC/CICPRF09
2025-04-04 08:01:09.788718 - Found CICPRG00.rexx (text/plain) in EX31022.CCSD.SISPEXEC, moved to CCSDEXEC/CICPRG00
2025-04-04 08:01:09.788835 - Found CICPRG01.rexx (text/plain) in EX31022.CCSD.SISPEXEC, moved to CCSDEXEC/CICPRG01
2025-04-04 08:01:09.788946 - Found CICPRG02.rexx (text/plain) in EX31022.CCSD.SISPEXEC, moved to CCSDEXEC/CICPRG02
2025-04-04 08:01:09.789066 - Found CICPRG08.rexx (text/plain) in EX31022.CCSD.SISPEXEC, moved to CCSDEXEC/CICPRG08
2025-04-04 08:01:09.789245 - Found CICPRG09.rexx (text/plain) in EX31022.CCSD.SISPEXEC, moved to CCSDEXEC/CICPRG09
2025-04-04 08:01:09.789550 - Found CICP000.rexx (text/plain) in EX31022.CCSD.SISPEXEC, moved to CCSDEXEC/CICP000
2025-04-04 08:01:09.789665 - Found CICSES00.rexx (text/plain) in EX31022.CCSD.SISPEXEC, moved to CCSDEXEC/CICSES00
2025-04-04 08:01:09.789798 - Found CICSES01.rexx (text/plain) in EX31022.CCSD.SISPEXEC, moved to CCSDEXEC/CICSES01
2025-04-04 08:01:09.789913 - Found CICSES02.rexx (text/plain) in EX31022.CCSD.SISPEXEC, moved to CCSDEXEC/CICSES02
2025-04-04 08:01:09.790033 - Found CICSES08.rexx (text/plain) in EX31022.CCSD.SISPEXEC, moved to CCSDEXEC/CICSES08
2025-04-04 08:01:09.790158 - Found CICSES09.rexx (text/plain) in EX31022.CCSD.SISPEXEC, moved to CCSDEXEC/CICSES09
2025-04-04 08:01:09.790275 - Found CICSSUBM.txt (text/plain) in EX31022.CCSD.SISPEXEC, moved to CCSDEXEC/CICSSUBM
2025-04-04 08:01:09.790390 - Found CICSSUBP.rexx (text/plain) in EX31022.CCSD.SISPEXEC, moved to CCSDEXEC/CICSSUBP
2025-04-04 08:01:09.790507 - Found CICTCL00.rexx (text/plain) in EX31022.CCSD.SISPEXEC, moved to CCSDEXEC/CICTCL00
2025-04-04 08:01:09.790622 - Found CICTCL01.rexx (text/plain) in EX31022.CCSD.SISPEXEC, moved to CCSDEXEC/CICTCL01
2025-04-04 08:01:09.790745 - Found CICTRM00.rexx (text/plain) in EX31022.CCSD.SISPEXEC, moved to CCSDEXEC/CICTRM00
2025-04-04 08:01:09.790864 - Found CICTRM01.rexx (text/plain) in EX31022.CCSD.SISPEXEC, moved to CCSDEXEC/CICTRM01
2025-04-04 08:01:09.790984 - Found CICTRM02.rexx (text/plain) in EX31022.CCSD.SISPEXEC, moved to CCSDEXEC/CICTRM02
2025-04-04 08:01:09.791115 - Found CICTRM09.rexx (text/plain) in EX31022.CCSD.SISPEXEC, moved to CCSDEXEC/CICTRM09
2025-04-04 08:01:09.791233 - Found CICTRN00.rexx (text/plain) in EX31022.CCSD.SISPEXEC, moved to CCSDEXEC/CICTRN00
2025-04-04 08:01:09.791352 - Found CICTRN01.rexx (text/plain) in EX31022.CCSD.SISPEXEC, moved to CCSDEXEC/CICTRN01
2025-04-04 08:01:09.791460 - Found CICTRN02.rexx (text/plain) in EX31022.CCSD.SISPEXEC, moved to CCSDEXEC/CICTRN02
2025-04-04 08:01:09.791593 - Found CICTRN08.rexx (text/plain) in EX31022.CCSD.SISPEXEC, moved to CCSDEXEC/CICTRN08
2025-04-04 08:01:09.791708 - Found CICTRN09.rexx (text/plain) in EX31022.CCSD.SISPEXEC, moved to CCSDEXEC/CICTRN09
2025-04-04 08:01:09.791821 - Found CICTYP00.rexx (text/plain) in EX31022.CCSD.SISPEXEC, moved to CCSDEXEC/CICTYP00
2025-04-04 08:01:09.791945 - Found CICTYP01.rexx (text/plain) in EX31022.CCSD.SISPEXEC, moved to CCSDEXEC/CICTYP01
2025-04-04 08:01:09.792065 - Found CICTYP02.rexx (text/plain) in EX31022.CCSD.SISPEXEC, moved to CCSDEXEC/CICTYP02
2025-04-04 08:01:09.792180 - Found CICTYP08.rexx (text/plain) in EX31022.CCSD.SISPEXEC, moved to CCSDEXEC/CICTYP08
2025-04-04 08:01:09.792297 - Found CICTYP09.rexx (text/plain) in EX31022.CCSD.SISPEXEC, moved to CCSDEXEC/CICTYP09
2025-04-04 08:01:09.792416 - Found CIC0000.rexx (text/plain) in EX31022.CCSD.SISPEXEC, moved to CCSDEXEC/CIC0000
2025-04-04 08:01:09.792548 - Found SMF88CF1.rexx (text/plain) in EX31022.CCSD.SISPEXEC, moved to CCSDEXEC/SMF88CF1
2025-04-04 08:01:09.792670 - Found SMF88CF2.rexx (text/plain) in EX31022.CCSD.SISPEXEC, moved to CCSDEXEC/SMF88CF2
2025-04-04 08:01:09.792787 - Found SMF88CF3.rexx (text/plain) in EX31022.CCSD.SISPEXEC, moved to CCSDEXEC/SMF88CF3
2025-04-04 08:01:09.792902 - Found SMF88CF8.rexx (text/plain) in EX31022.CCSD.SISPEXEC, moved to CCSDEXEC/SMF88CF8
2025-04-04 08:01:09.793026 - Found SMF88CF9.rexx (text/plain) in EX31022.CCSD.SISPEXEC, moved to CCSDEXEC/SMF88CF9
2025-04-04 08:01:09.793155 - Found SMF88C00.rexx (text/plain) in EX31022.CCSD.SISPEXEC, moved to CCSDEXEC/SMF88C00
2025-04-04 08:01:09.793274 - Found SMF88C01.rexx (text/plain) in EX31022.CCSD.SISPEXEC, moved to CCSDEXEC/SMF88C01
2025-04-04 08:01:09.793389 - Found SMF88LG1.rexx (text/plain) in EX31022.CCSD.SISPEXEC, moved to CCSDEXEC/SMF88LG1
2025-04-04 08:01:09.793504 - Found SMF88LG2.rexx (text/plain) in EX31022.CCSD.SISPEXEC, moved to CCSDEXEC/SMF88LG2
2025-04-04 08:01:09.793629 - Found SMF88R00.rexx (text/plain) in EX31022.CCSD.SISPEXEC, moved to CCSDEXEC/SMF88R00
2025-04-04 08:01:09.793746 - Found SMF88R01.rexx (text/plain) in EX31022.CCSD.SISPEXEC, moved to CCSDEXEC/SMF88R01
2025-04-04 08:01:09.793862 - Found SMF88R02.rexx (text/plain) in EX31022.CCSD.SISPEXEC, moved to CCSDEXEC/SMF88R02
2025-04-04 08:01:09.793979 - Found SMF88R03.rexx (text/plain) in EX31022.CCSD.SISPEXEC, moved to CCSDEXEC/SMF88R03
2025-04-04 08:01:09.794102 - Found SMF88SR3.rexx (text/plain) in EX31022.CCSD.SISPEXEC, moved to CCSDEXEC/SMF88SR3
2025-04-04 08:01:09.794219 - Found SMF88SS3.rexx (text/plain) in EX31022.CCSD.SISPEXEC, moved to CCSDEXEC/SMF88SS3
2025-04-04 08:01:09.794340 - Found SMF88S00.rexx (text/plain) in EX31022.CCSD.SISPEXEC, moved to CCSDEXEC/SMF88S00
2025-04-04 08:01:09.794468 - Found SMF88S03.rexx (text/plain) in EX31022.CCSD.SISPEXEC, moved to CCSDEXEC/SMF88S03
2025-04-04 08:01:09.794587 - Found SMF88TL1.rexx (text/plain) in EX31022.CCSD.SISPEXEC, moved to CCSDEXEC/SMF88TL1
2025-04-04 08:01:09.794712 - Found SMF88TL2.rexx (text/plain) in EX31022.CCSD.SISPEXEC, moved to CCSDEXEC/SMF88TL2
2025-04-04 08:01:09.794828 - Found SMF88TL4.rexx (text/plain) in EX31022.CCSD.SISPEXEC, moved to CCSDEXEC/SMF88TL4
2025-04-04 08:01:09.794943 - Found SMF88TL5.rexx (text/plain) in EX31022.CCSD.SISPEXEC, moved to CCSDEXEC/SMF88TL5
2025-04-04 08:01:09.795058 - Found SMF88TL6.rexx (text/plain) in EX31022.CCSD.SISPEXEC, moved to CCSDEXEC/SMF88TL6
2025-04-04 08:01:09.795191 - Found SMF88TR3.rexx (text/plain) in EX31022.CCSD.SISPEXEC, moved to CCSDEXEC/SMF88TR3
2025-04-04 08:01:09.795310 - Found SMF88TS3.rexx (text/plain) in EX31022.CCSD.SISPEXEC, moved to CCSDEXEC/SMF88TS3
2025-04-04 08:01:09.795442 - Found SMF88T01.rexx (text/plain) in EX31022.CCSD.SISPEXEC, moved to CCSDEXEC/SMF88T01
2025-04-04 08:01:09.795558 - Found SMF88T02.rexx (text/plain) in EX31022.CCSD.SISPEXEC, moved to CCSDEXEC/SMF88T02
2025-04-04 08:01:09.795673 - Found SMF88T03.rexx (text/plain) in EX31022.CCSD.SISPEXEC, moved to CCSDEXEC/SMF88T03
2025-04-04 08:01:09.795789 - Found SMF88T04.rexx (text/plain) in EX31022.CCSD.SISPEXEC, moved to CCSDEXEC/SMF88T04
2025-04-04 08:01:09.795904 - Found SMF88T05.rexx (text/plain) in EX31022.CCSD.SISPEXEC, moved to CCSDEXEC/SMF88T05
2025-04-04 08:01:09.796019 - Found SMF88T06.rexx (text/plain) in EX31022.CCSD.SISPEXEC, moved to CCSDEXEC/SMF88T06
2025-04-04 08:01:09.796136 - Found SMF8800.rexx (text/plain) in EX31022.CCSD.SISPEXEC, moved to CCSDEXEC/SMF8800
2025-04-04 08:01:09.796255 - Found SMF88000.rexx (text/plain) in EX31022.CCSD.SISPEXEC, moved to CCSDEXEC/SMF88000
2025-04-04 08:01:09.800174 - Found CCSDLOAD.xmi (application/xmit) in CBT.V508.FILE330.PDS, moved to PDS/CCSDLOAD.xmi
2025-04-04 08:01:09.865244 - Received EX31022.CCSD.SISPLOAD from CCSDLOAD.xmi 
2025-04-04 08:01:09.865806 - Found DFH$FORA.bin (application/octet-stream) in EX31022.CCSD.SISPLOAD, moved to CCSDLOAD/DFH$FORA
2025-04-04 08:01:09.866036 - Found DFHCSDUP.bin (application/octet-stream) in EX31022.CCSD.SISPLOAD, moved to CCSDLOAD/DFHCSDUP
2025-04-04 08:01:09.866245 - Found DFHEITCU.bin (application/octet-stream) in EX31022.CCSD.SISPLOAD, moved to CCSDLOAD/DFHEITCU
2025-04-04 08:01:09.867046 - Found DFH0STAT.bin (application/octet-stream) in EX31022.CCSD.SISPLOAD, moved to CCSDLOAD/DFH0STAT
2025-04-04 08:01:09.867229 - Found DFH0STM.bin (application/octet-stream) in EX31022.CCSD.SISPLOAD, moved to CCSDLOAD/DFH0STM
2025-04-04 08:01:09.867459 - Found DFH0STS.bin (application/octet-stream) in EX31022.CCSD.SISPLOAD, moved to CCSDLOAD/DFH0STS
2025-04-04 08:01:09.867616 - Found IXGRPT1L.bin (application/octet-stream) in EX31022.CCSD.SISPLOAD, moved to CCSDLOAD/IXGRPT1L
2025-04-04 08:01:09.867755 - Found SAMLSUP.bin (application/octet-stream) in EX31022.CCSD.SISPLOAD, moved to CCSDLOAD/SAMLSUP
2025-04-04 08:01:09.867896 - Found SAMLSUP1.bin (application/octet-stream) in EX31022.CCSD.SISPLOAD, moved to CCSDLOAD/SAMLSUP1
2025-04-04 08:01:09.868068 - Found SAMLSUP2.bin (application/octet-stream) in EX31022.CCSD.SISPLOAD, moved to CCSDLOAD/SAMLSUP2
2025-04-04 08:01:09.868805 - Found CCSDMENU.txt (text/plain) in CBT.V508.FILE330.PDS, moved to PDS/CCSDMENU
2025-04-04 08:01:09.869564 - Found CCSDPENU.xmi (application/xmit) in CBT.V508.FILE330.PDS, moved to PDS/CCSDPENU.xmi
2025-04-04 08:01:10.937508 - Received EX31022.CCSD.SISPPENU from CCSDPENU.xmi 
2025-04-04 08:01:10.939399 - Found CICCMD00.txt (text/plain) in EX31022.CCSD.SISPPENU, moved to CCSDPENU/CICCMD00
2025-04-04 08:01:10.939555 - Found CICCMD01.txt (text/plain) in EX31022.CCSD.SISPPENU, moved to CCSDPENU/CICCMD01
2025-04-04 08:01:10.939694 - Found CICCMD02.txt (text/plain) in EX31022.CCSD.SISPPENU, moved to CCSDPENU/CICCMD02
2025-04-04 08:01:10.939826 - Found CICCON01.txt (text/plain) in EX31022.CCSD.SISPPENU, moved to CCSDPENU/CICCON01
2025-04-04 08:01:10.939947 - Found CICCON02.txt (text/plain) in EX31022.CCSD.SISPPENU, moved to CCSDPENU/CICCON02
2025-04-04 08:01:10.940072 - Found CICCSD.bin (application/octet-stream) in EX31022.CCSD.SISPPENU, moved to CCSDPENU/CICCSD
2025-04-04 08:01:10.940205 - Found CICFIL01.txt (text/plain) in EX31022.CCSD.SISPPENU, moved to CCSDPENU/CICFIL01
2025-04-04 08:01:10.940341 - Found CICFIL02.txt (text/plain) in EX31022.CCSD.SISPPENU, moved to CCSDPENU/CICFIL02
2025-04-04 08:01:10.940461 - Found CICFIL03.txt (text/plain) in EX31022.CCSD.SISPPENU, moved to CCSDPENU/CICFIL03
2025-04-04 08:01:10.940592 - Found CICFIL04.txt (text/plain) in EX31022.CCSD.SISPPENU, moved to CCSDPENU/CICFIL04
2025-04-04 08:01:10.940731 - Found CICFIL05.txt (text/plain) in EX31022.CCSD.SISPPENU, moved to CCSDPENU/CICFIL05
2025-04-04 08:01:10.940850 - Found CICFIL06.txt (text/plain) in EX31022.CCSD.SISPPENU, moved to CCSDPENU/CICFIL06
2025-04-04 08:01:10.940965 - Found CICFIL07.txt (text/plain) in EX31022.CCSD.SISPPENU, moved to CCSDPENU/CICFIL07
2025-04-04 08:01:10.941079 - Found CICFIL09.txt (text/plain) in EX31022.CCSD.SISPPENU, moved to CCSDPENU/CICFIL09
2025-04-04 08:01:10.941198 - Found CICGRP01.txt (text/plain) in EX31022.CCSD.SISPPENU, moved to CCSDPENU/CICGRP01
2025-04-04 08:01:10.941323 - Found CICGRP02.txt (text/plain) in EX31022.CCSD.SISPPENU, moved to CCSDPENU/CICGRP02
2025-04-04 08:01:10.941454 - Found CICGRP03.txt (text/plain) in EX31022.CCSD.SISPPENU, moved to CCSDPENU/CICGRP03
2025-04-04 08:01:10.941590 - Found CICGRP04.txt (text/plain) in EX31022.CCSD.SISPPENU, moved to CCSDPENU/CICGRP04
2025-04-04 08:01:10.941713 - Found CICLSR01.txt (text/plain) in EX31022.CCSD.SISPPENU, moved to CCSDPENU/CICLSR01
2025-04-04 08:01:10.941836 - Found CICLSR02.txt (text/plain) in EX31022.CCSD.SISPPENU, moved to CCSDPENU/CICLSR02
2025-04-04 08:01:10.941958 - Found CICLSR03.txt (text/plain) in EX31022.CCSD.SISPPENU, moved to CCSDPENU/CICLSR03
2025-04-04 08:01:10.942107 - Found CICLSR04.txt (text/plain) in EX31022.CCSD.SISPPENU, moved to CCSDPENU/CICLSR04
2025-04-04 08:01:10.942293 - Found CICLSR05.txt (text/plain) in EX31022.CCSD.SISPPENU, moved to CCSDPENU/CICLSR05
2025-04-04 08:01:10.942444 - Found CICLSR09.txt (text/plain) in EX31022.CCSD.SISPPENU, moved to CCSDPENU/CICLSR09
2025-04-04 08:01:10.942577 - Found CICLST00.txt (text/plain) in EX31022.CCSD.SISPPENU, moved to CCSDPENU/CICLST00
2025-04-04 08:01:10.942706 - Found CICMAP01.txt (text/plain) in EX31022.CCSD.SISPPENU, moved to CCSDPENU/CICMAP01
2025-04-04 08:01:10.942835 - Found CICMAP02.txt (text/plain) in EX31022.CCSD.SISPPENU, moved to CCSDPENU/CICMAP02
2025-04-04 08:01:10.942954 - Found CICMAP03.txt (text/plain) in EX31022.CCSD.SISPPENU, moved to CCSDPENU/CICMAP03
2025-04-04 08:01:10.943075 - Found CICMAP04.txt (text/plain) in EX31022.CCSD.SISPPENU, moved to CCSDPENU/CICMAP04
2025-04-04 08:01:10.943194 - Found CICMAP09.txt (text/plain) in EX31022.CCSD.SISPPENU, moved to CCSDPENU/CICMAP09
2025-04-04 08:01:10.943314 - Found CICOBJ01.txt (text/plain) in EX31022.CCSD.SISPPENU, moved to CCSDPENU/CICOBJ01
2025-04-04 08:01:10.943449 - Found CICOBJ02.txt (text/plain) in EX31022.CCSD.SISPPENU, moved to CCSDPENU/CICOBJ02
2025-04-04 08:01:10.943585 - Found CICOBJ03.txt (text/plain) in EX31022.CCSD.SISPPENU, moved to CCSDPENU/CICOBJ03
2025-04-04 08:01:10.943703 - Found CICOBJ04.txt (text/plain) in EX31022.CCSD.SISPPENU, moved to CCSDPENU/CICOBJ04
2025-04-04 08:01:10.943820 - Found CICOB201.txt (text/plain) in EX31022.CCSD.SISPPENU, moved to CCSDPENU/CICOB201
2025-04-04 08:01:10.943936 - Found CICOB202.txt (text/plain) in EX31022.CCSD.SISPPENU, moved to CCSDPENU/CICOB202
2025-04-04 08:01:10.944056 - Found CICOB203.txt (text/plain) in EX31022.CCSD.SISPPENU, moved to CCSDPENU/CICOB203
2025-04-04 08:01:10.944177 - Found CICOB204.txt (text/plain) in EX31022.CCSD.SISPPENU, moved to CCSDPENU/CICOB204
2025-04-04 08:01:10.944288 - Found CICPRF01.txt (text/plain) in EX31022.CCSD.SISPPENU, moved to CCSDPENU/CICPRF01
2025-04-04 08:01:10.944418 - Found CICPRF02.txt (text/plain) in EX31022.CCSD.SISPPENU, moved to CCSDPENU/CICPRF02
2025-04-04 08:01:10.944710 - Found CICPRF03.bin (application/octet-stream) in EX31022.CCSD.SISPPENU, moved to CCSDPENU/CICPRF03
2025-04-04 08:01:10.944839 - Found CICPRF09.txt (text/plain) in EX31022.CCSD.SISPPENU, moved to CCSDPENU/CICPRF09
2025-04-04 08:01:10.944956 - Found CICPRG01.txt (text/plain) in EX31022.CCSD.SISPPENU, moved to CCSDPENU/CICPRG01
2025-04-04 08:01:10.945075 - Found CICPRG02.txt (text/plain) in EX31022.CCSD.SISPPENU, moved to CCSDPENU/CICPRG02
2025-04-04 08:01:10.945191 - Found CICPRG03.txt (text/plain) in EX31022.CCSD.SISPPENU, moved to CCSDPENU/CICPRG03
2025-04-04 08:01:10.945305 - Found CICPRG04.txt (text/plain) in EX31022.CCSD.SISPPENU, moved to CCSDPENU/CICPRG04
2025-04-04 08:01:10.945436 - Found CICPRG05.txt (text/plain) in EX31022.CCSD.SISPPENU, moved to CCSDPENU/CICPRG05
2025-04-04 08:01:10.945557 - Found CICPRG06.txt (text/plain) in EX31022.CCSD.SISPPENU, moved to CCSDPENU/CICPRG06
2025-04-04 08:01:10.945689 - Found CICPRG09.txt (text/plain) in EX31022.CCSD.SISPPENU, moved to CCSDPENU/CICPRG09
2025-04-04 08:01:10.945807 - Found CICP000.txt (text/plain) in EX31022.CCSD.SISPPENU, moved to CCSDPENU/CICP000
2025-04-04 08:01:10.945925 - Found CICP001.txt (text/plain) in EX31022.CCSD.SISPPENU, moved to CCSDPENU/CICP001
2025-04-04 08:01:10.946035 - Found CICSES01.txt (text/plain) in EX31022.CCSD.SISPPENU, moved to CCSDPENU/CICSES01
2025-04-04 08:01:10.946157 - Found CICSES02.txt (text/plain) in EX31022.CCSD.SISPPENU, moved to CCSDPENU/CICSES02
2025-04-04 08:01:10.946269 - Found CICTCL01.txt (text/plain) in EX31022.CCSD.SISPPENU, moved to CCSDPENU/CICTCL01
2025-04-04 08:01:10.946384 - Found CICTRM01.txt (text/plain) in EX31022.CCSD.SISPPENU, moved to CCSDPENU/CICTRM01
2025-04-04 08:01:10.946511 - Found CICTRM02.txt (text/plain) in EX31022.CCSD.SISPPENU, moved to CCSDPENU/CICTRM02
2025-04-04 08:01:10.946628 - Found CICTRM03.txt (text/plain) in EX31022.CCSD.SISPPENU, moved to CCSDPENU/CICTRM03
2025-04-04 08:01:10.946752 - Found CICTRM04.txt (text/plain) in EX31022.CCSD.SISPPENU, moved to CCSDPENU/CICTRM04
2025-04-04 08:01:10.946868 - Found CICTRM05.txt (text/plain) in EX31022.CCSD.SISPPENU, moved to CCSDPENU/CICTRM05
2025-04-04 08:01:10.946986 - Found CICTRM06.txt (text/plain) in EX31022.CCSD.SISPPENU, moved to CCSDPENU/CICTRM06
2025-04-04 08:01:10.947096 - Found CICTRN01.txt (text/plain) in EX31022.CCSD.SISPPENU, moved to CCSDPENU/CICTRN01
2025-04-04 08:01:10.947214 - Found CICTRN02.txt (text/plain) in EX31022.CCSD.SISPPENU, moved to CCSDPENU/CICTRN02
2025-04-04 08:01:10.947330 - Found CICTRN03.txt (text/plain) in EX31022.CCSD.SISPPENU, moved to CCSDPENU/CICTRN03
2025-04-04 08:01:10.947446 - Found CICTRN04.txt (text/plain) in EX31022.CCSD.SISPPENU, moved to CCSDPENU/CICTRN04
2025-04-04 08:01:10.947562 - Found CICTRN09.txt (text/plain) in EX31022.CCSD.SISPPENU, moved to CCSDPENU/CICTRN09
2025-04-04 08:01:10.947692 - Found CICTYP01.txt (text/plain) in EX31022.CCSD.SISPPENU, moved to CCSDPENU/CICTYP01
2025-04-04 08:01:10.947812 - Found CICTYP02.txt (text/plain) in EX31022.CCSD.SISPPENU, moved to CCSDPENU/CICTYP02
2025-04-04 08:01:10.947943 - Found CICTYP03.txt (text/plain) in EX31022.CCSD.SISPPENU, moved to CCSDPENU/CICTYP03
2025-04-04 08:01:10.948066 - Found CICTYP04.txt (text/plain) in EX31022.CCSD.SISPPENU, moved to CCSDPENU/CICTYP04
2025-04-04 08:01:10.948181 - Found CICTYP09.txt (text/plain) in EX31022.CCSD.SISPPENU, moved to CCSDPENU/CICTYP09
2025-04-04 08:01:10.948299 - Found CIC0000.txt (text/plain) in EX31022.CCSD.SISPPENU, moved to CCSDPENU/CIC0000
2025-04-04 08:01:10.948411 - Found SMF88CF1.txt (text/plain) in EX31022.CCSD.SISPPENU, moved to CCSDPENU/SMF88CF1
2025-04-04 08:01:10.948520 - Found SMF88CF2.txt (text/plain) in EX31022.CCSD.SISPPENU, moved to CCSDPENU/SMF88CF2
2025-04-04 08:01:10.948638 - Found SMF88CF3.txt (text/plain) in EX31022.CCSD.SISPPENU, moved to CCSDPENU/SMF88CF3
2025-04-04 08:01:10.948757 - Found SMF88CF9.txt (text/plain) in EX31022.CCSD.SISPPENU, moved to CCSDPENU/SMF88CF9
2025-04-04 08:01:10.948889 - Found SMF88C00.txt (text/plain) in EX31022.CCSD.SISPPENU, moved to CCSDPENU/SMF88C00
2025-04-04 08:01:10.949005 - Found SMF88LG1.txt (text/plain) in EX31022.CCSD.SISPPENU, moved to CCSDPENU/SMF88LG1
2025-04-04 08:01:10.949120 - Found SMF88LG2.txt (text/plain) in EX31022.CCSD.SISPPENU, moved to CCSDPENU/SMF88LG2
2025-04-04 08:01:10.949230 - Found SMF88LG4.txt (text/plain) in EX31022.CCSD.SISPPENU, moved to CCSDPENU/SMF88LG4
2025-04-04 08:01:10.949349 - Found SMF88SR3.txt (text/plain) in EX31022.CCSD.SISPPENU, moved to CCSDPENU/SMF88SR3
2025-04-04 08:01:10.949464 - Found SMF88SS3.txt (text/plain) in EX31022.CCSD.SISPPENU, moved to CCSDPENU/SMF88SS3
2025-04-04 08:01:10.949578 - Found SMF88S00.txt (text/plain) in EX31022.CCSD.SISPPENU, moved to CCSDPENU/SMF88S00
2025-04-04 08:01:10.949704 - Found SMF88S03.txt (text/plain) in EX31022.CCSD.SISPPENU, moved to CCSDPENU/SMF88S03
2025-04-04 08:01:10.949823 - Found SMF88TL1.txt (text/plain) in EX31022.CCSD.SISPPENU, moved to CCSDPENU/SMF88TL1
2025-04-04 08:01:10.949947 - Found SMF88TL2.txt (text/plain) in EX31022.CCSD.SISPPENU, moved to CCSDPENU/SMF88TL2
2025-04-04 08:01:10.950084 - Found SMF88TL4.txt (text/plain) in EX31022.CCSD.SISPPENU, moved to CCSDPENU/SMF88TL4
2025-04-04 08:01:10.950199 - Found SMF88TL5.txt (text/plain) in EX31022.CCSD.SISPPENU, moved to CCSDPENU/SMF88TL5
2025-04-04 08:01:10.950316 - Found SMF88TL6.txt (text/plain) in EX31022.CCSD.SISPPENU, moved to CCSDPENU/SMF88TL6
2025-04-04 08:01:10.950425 - Found SMF88TR3.txt (text/plain) in EX31022.CCSD.SISPPENU, moved to CCSDPENU/SMF88TR3
2025-04-04 08:01:10.950534 - Found SMF88TS3.txt (text/plain) in EX31022.CCSD.SISPPENU, moved to CCSDPENU/SMF88TS3
2025-04-04 08:01:10.950647 - Found SMF88T01.txt (text/plain) in EX31022.CCSD.SISPPENU, moved to CCSDPENU/SMF88T01
2025-04-04 08:01:10.950769 - Found SMF88T02.txt (text/plain) in EX31022.CCSD.SISPPENU, moved to CCSDPENU/SMF88T02
2025-04-04 08:01:10.950882 - Found SMF88T03.txt (text/plain) in EX31022.CCSD.SISPPENU, moved to CCSDPENU/SMF88T03
2025-04-04 08:01:10.951000 - Found SMF88T04.txt (text/plain) in EX31022.CCSD.SISPPENU, moved to CCSDPENU/SMF88T04
2025-04-04 08:01:10.951110 - Found SMF88T05.txt (text/plain) in EX31022.CCSD.SISPPENU, moved to CCSDPENU/SMF88T05
2025-04-04 08:01:10.951222 - Found SMF88T06.txt (text/plain) in EX31022.CCSD.SISPPENU, moved to CCSDPENU/SMF88T06
2025-04-04 08:01:10.951341 - Found SMF8800.txt (text/plain) in EX31022.CCSD.SISPPENU, moved to CCSDPENU/SMF8800
2025-04-04 08:01:10.951455 - Found SMF88000.bin (application/octet-stream) in EX31022.CCSD.SISPPENU, moved to CCSDPENU/SMF88000
2025-04-04 08:01:10.955161 - Found CCSDSENU.xmi (application/xmit) in CBT.V508.FILE330.PDS, moved to PDS/CCSDSENU.xmi
2025-04-04 08:01:11.077829 - Received EX31022.CCSD.SISPSENU from CCSDSENU.xmi 
2025-04-04 08:01:11.078564 - Found CICA00.txt (text/plain) in EX31022.CCSD.SISPSENU, moved to CCSDSENU/CICA00
2025-04-04 08:01:11.078714 - Found CICCON01.jcl (text/plain) in EX31022.CCSD.SISPSENU, moved to CCSDSENU/CICCON01
2025-04-04 08:01:11.078844 - Found CICFIL01.jcl (text/plain) in EX31022.CCSD.SISPSENU, moved to CCSDSENU/CICFIL01
2025-04-04 08:01:11.078981 - Found CICGRP01.jcl (text/plain) in EX31022.CCSD.SISPSENU, moved to CCSDSENU/CICGRP01
2025-04-04 08:01:11.079104 - Found CICLSR01.jcl (text/plain) in EX31022.CCSD.SISPSENU, moved to CCSDSENU/CICLSR01
2025-04-04 08:01:11.079226 - Found CICMAP01.jcl (text/plain) in EX31022.CCSD.SISPSENU, moved to CCSDSENU/CICMAP01
2025-04-04 08:01:11.079353 - Found CICOBJ01.jcl (text/plain) in EX31022.CCSD.SISPSENU, moved to CCSDSENU/CICOBJ01
2025-04-04 08:01:11.079474 - Found CICOB201.jcl (text/plain) in EX31022.CCSD.SISPSENU, moved to CCSDSENU/CICOB201
2025-04-04 08:01:11.079598 - Found CICPRF01.jcl (text/plain) in EX31022.CCSD.SISPSENU, moved to CCSDSENU/CICPRF01
2025-04-04 08:01:11.079723 - Found CICPRG01.jcl (text/plain) in EX31022.CCSD.SISPSENU, moved to CCSDSENU/CICPRG01
2025-04-04 08:01:11.079852 - Found CICSES01.jcl (text/plain) in EX31022.CCSD.SISPSENU, moved to CCSDSENU/CICSES01
2025-04-04 08:01:11.079977 - Found CICSJCL.jcl (text/plain) in EX31022.CCSD.SISPSENU, moved to CCSDSENU/CICSJCL
2025-04-04 08:01:11.080097 - Found CICTRM01.jcl (text/plain) in EX31022.CCSD.SISPSENU, moved to CCSDSENU/CICTRM01
2025-04-04 08:01:11.080213 - Found CICTRN01.jcl (text/plain) in EX31022.CCSD.SISPSENU, moved to CCSDSENU/CICTRN01
2025-04-04 08:01:11.080348 - Found CICTYP01.jcl (text/plain) in EX31022.CCSD.SISPSENU, moved to CCSDSENU/CICTYP01
2025-04-04 08:01:11.080496 - Found SMFA00.txt (text/plain) in EX31022.CCSD.SISPSENU, moved to CCSDSENU/SMFA00
2025-04-04 08:01:11.082155 - Found CCSDTENU.xmi (application/xmit) in CBT.V508.FILE330.PDS, moved to PDS/CCSDTENU.xmi
2025-04-04 08:01:11.092101 - Received EX31022.CCSD.SISPTENU from CCSDTENU.xmi 
2025-04-04 08:01:11.092518 - Found CCSDPROF.bin (application/octet-stream) in EX31022.CCSD.SISPTENU, moved to CCSDTENU/CCSDPROF
2025-04-04 08:01:11.092649 - Found ISPCMDS.bin (application/octet-stream) in EX31022.CCSD.SISPTENU, moved to CCSDTENU/ISPCMDS
2025-04-04 08:01:11.092782 - Found ISPKEYS.bin (application/octet-stream) in EX31022.CCSD.SISPTENU, moved to CCSDTENU/ISPKEYS
2025-04-04 08:01:11.092919 - Found ISPPROF.bin (application/octet-stream) in EX31022.CCSD.SISPTENU, moved to CCSDTENU/ISPPROF
2025-04-04 08:01:11.093040 - Found ISPSPROF.bin (application/octet-stream) in EX31022.CCSD.SISPTENU, moved to CCSDTENU/ISPSPROF
2025-04-04 08:01:11.093578 - Found COBAEXEC.xmi (application/xmit) in CBT.V508.FILE330.PDS, moved to PDS/COBAEXEC.xmi
2025-04-04 08:01:11.515480 - Received EX31022.COBA.SISPEXEC from COBAEXEC.xmi 
2025-04-04 08:01:11.516582 - Found $$README.txt (text/plain) in EX31022.COBA.SISPEXEC, moved to COBAEXEC/$$README
2025-04-04 08:01:11.516748 - Found $$WHATSN.txt (text/plain) in EX31022.COBA.SISPEXEC, moved to COBAEXEC/$$WHATSN
2025-04-04 08:01:11.516894 - Found $COBA.rexx (text/plain) in EX31022.COBA.SISPEXEC, moved to COBAEXEC/$COBA
2025-04-04 08:01:11.517029 - Found COBA#MAC.rexx (text/plain) in EX31022.COBA.SISPEXEC, moved to COBAEXEC/COBA#MAC
2025-04-04 08:01:11.517154 - Found COBAI34.rexx (text/plain) in EX31022.COBA.SISPEXEC, moved to COBAEXEC/COBAI34
2025-04-04 08:01:11.517551 - Found COBANAL.txt (text/plain) in EX31022.COBA.SISPEXEC, moved to COBAEXEC/COBANAL
2025-04-04 08:01:11.517693 - Found COBANAL1.txt (text/plain) in EX31022.COBA.SISPEXEC, moved to COBAEXEC/COBANAL1
2025-04-04 08:01:11.517821 - Found COBANL.rexx (text/plain) in EX31022.COBA.SISPEXEC, moved to COBAEXEC/COBANL
2025-04-04 08:01:11.517985 - Found COBANLBL.rexx (text/plain) in EX31022.COBA.SISPEXEC, moved to COBAEXEC/COBANLBL
2025-04-04 08:01:11.518114 - Found COBANLDS.rexx (text/plain) in EX31022.COBA.SISPEXEC, moved to COBAEXEC/COBANLDS
2025-04-04 08:01:11.518251 - Found COBANLDT.rexx (text/plain) in EX31022.COBA.SISPEXEC, moved to COBAEXEC/COBANLDT
2025-04-04 08:01:11.518389 - Found COBANLF0.rexx (text/plain) in EX31022.COBA.SISPEXEC, moved to COBAEXEC/COBANLF0
2025-04-04 08:01:11.518550 - Found COBANLF1.rexx (text/plain) in EX31022.COBA.SISPEXEC, moved to COBAEXEC/COBANLF1
2025-04-04 08:01:11.518682 - Found COBANLF3.rexx (text/plain) in EX31022.COBA.SISPEXEC, moved to COBAEXEC/COBANLF3
2025-04-04 08:01:11.518806 - Found COBANLLI.rexx (text/plain) in EX31022.COBA.SISPEXEC, moved to COBAEXEC/COBANLLI
2025-04-04 08:01:11.518928 - Found COBANLLX.rexx (text/plain) in EX31022.COBA.SISPEXEC, moved to COBAEXEC/COBANLLX
2025-04-04 08:01:11.519050 - Found COBANLL0.rexx (text/plain) in EX31022.COBA.SISPEXEC, moved to COBAEXEC/COBANLL0
2025-04-04 08:01:11.519177 - Found COBANLL9.rexx (text/plain) in EX31022.COBA.SISPEXEC, moved to COBAEXEC/COBANLL9
2025-04-04 08:01:11.519302 - Found COBANLPG.rexx (text/plain) in EX31022.COBA.SISPEXEC, moved to COBAEXEC/COBANLPG
2025-04-04 08:01:11.519449 - Found COBANL03.rexx (text/plain) in EX31022.COBA.SISPEXEC, moved to COBAEXEC/COBANL03
2025-04-04 08:01:11.519580 - Found COBANL06.rexx (text/plain) in EX31022.COBA.SISPEXEC, moved to COBAEXEC/COBANL06
2025-04-04 08:01:11.519711 - Found COBANL10.rexx (text/plain) in EX31022.COBA.SISPEXEC, moved to COBAEXEC/COBANL10
2025-04-04 08:01:11.519844 - Found COBASUBP.rexx (text/plain) in EX31022.COBA.SISPEXEC, moved to COBAEXEC/COBASUBP
2025-04-04 08:01:11.519970 - Found COBASYNT.rexx (text/plain) in EX31022.COBA.SISPEXEC, moved to COBAEXEC/COBASYNT
2025-04-04 08:01:11.520088 - Found COBASYSI.rexx (text/plain) in EX31022.COBA.SISPEXEC, moved to COBAEXEC/COBASYSI
2025-04-04 08:01:11.520204 - Found COBAUMWA.txt (text/plain) in EX31022.COBA.SISPEXEC, moved to COBAEXEC/COBAUMWA
2025-04-04 08:01:11.520394 - Found COBA000.rexx (text/plain) in EX31022.COBA.SISPEXEC, moved to COBAEXEC/COBA000
2025-04-04 08:01:11.520546 - Found JUMWCOBA.jcl (text/plain) in EX31022.COBA.SISPEXEC, moved to COBAEXEC/JUMWCOBA
2025-04-04 08:01:11.520694 - Found STRING.txt (text/plain) in EX31022.COBA.SISPEXEC, moved to COBAEXEC/STRING
2025-04-04 08:01:11.522476 - Found COBALOAD.xmi (application/xmit) in CBT.V508.FILE330.PDS, moved to PDS/COBALOAD.xmi
2025-04-04 08:01:11.532334 - Received SBGOLOB.COBA.SISPLOAD from COBALOAD.xmi 
2025-04-04 08:01:11.532716 - Found ALBERPGM.bin (application/octet-stream) in SBGOLOB.COBA.SISPLOAD, moved to COBALOAD/ALBERPGM
2025-04-04 08:01:11.532859 - Found COBANAL.bin (application/octet-stream) in SBGOLOB.COBA.SISPLOAD, moved to COBALOAD/COBANAL
2025-04-04 08:01:11.533180 - Found COBAMENU.xmi (application/xmit) in CBT.V508.FILE330.PDS, moved to PDS/COBAMENU.xmi
2025-04-04 08:01:11.552870 - Received EX31022.COBA.SISPMENU from COBAMENU.xmi 
2025-04-04 08:01:11.553313 - Found COBANAL.jcl (text/plain) in EX31022.COBA.SISPMENU, moved to COBAMENU/COBANAL
2025-04-04 08:01:11.553457 - Found COBA00.txt (text/plain) in EX31022.COBA.SISPMENU, moved to COBAMENU/COBA00
2025-04-04 08:01:11.553805 - Found COBAPENU.xmi (application/xmit) in CBT.V508.FILE330.PDS, moved to PDS/COBAPENU.xmi
2025-04-04 08:01:11.737261 - Received EX31022.COBA.SISPPENU from COBAPENU.xmi 
2025-04-04 08:01:11.738087 - Found COBAFI10.txt (text/plain) in EX31022.COBA.SISPPENU, moved to COBAPENU/COBAFI10
2025-04-04 08:01:11.738238 - Found COBANL.bin (application/octet-stream) in EX31022.COBA.SISPPENU, moved to COBAPENU/COBANL
2025-04-04 08:01:11.738383 - Found COBANLDS.txt (text/plain) in EX31022.COBA.SISPPENU, moved to COBAPENU/COBANLDS
2025-04-04 08:01:11.738521 - Found COBANLLO.txt (text/plain) in EX31022.COBA.SISPPENU, moved to COBAPENU/COBANLLO
2025-04-04 08:01:11.738646 - Found COBANLL0.txt (text/plain) in EX31022.COBA.SISPPENU, moved to COBAPENU/COBANLL0
2025-04-04 08:01:11.738771 - Found COBANLL9.txt (text/plain) in EX31022.COBA.SISPPENU, moved to COBAPENU/COBANLL9
2025-04-04 08:01:11.738896 - Found COBANLM0.bin (application/octet-stream) in EX31022.COBA.SISPPENU, moved to COBAPENU/COBANLM0
2025-04-04 08:01:11.739030 - Found COBANLPG.txt (text/plain) in EX31022.COBA.SISPPENU, moved to COBAPENU/COBANLPG
2025-04-04 08:01:11.739151 - Found COBANL00.bin (application/octet-stream) in EX31022.COBA.SISPPENU, moved to COBAPENU/COBANL00
2025-04-04 08:01:11.739267 - Found COBANL01.bin (application/octet-stream) in EX31022.COBA.SISPPENU, moved to COBAPENU/COBANL01
2025-04-04 08:01:11.739393 - Found COBANL02.bin (application/octet-stream) in EX31022.COBA.SISPPENU, moved to COBAPENU/COBANL02
2025-04-04 08:01:11.739531 - Found COBANL03.txt (text/plain) in EX31022.COBA.SISPPENU, moved to COBAPENU/COBANL03
2025-04-04 08:01:11.739657 - Found COBANL04.txt (text/plain) in EX31022.COBA.SISPPENU, moved to COBAPENU/COBANL04
2025-04-04 08:01:11.739787 - Found COBANL05.txt (text/plain) in EX31022.COBA.SISPPENU, moved to COBAPENU/COBANL05
2025-04-04 08:01:11.739917 - Found COBANL06.txt (text/plain) in EX31022.COBA.SISPPENU, moved to COBAPENU/COBANL06
2025-04-04 08:01:11.740045 - Found COBANL07.bin (application/octet-stream) in EX31022.COBA.SISPPENU, moved to COBAPENU/COBANL07
2025-04-04 08:01:11.740177 - Found COBANL08.txt (text/plain) in EX31022.COBA.SISPPENU, moved to COBAPENU/COBANL08
2025-04-04 08:01:11.740317 - Found COBANL09.bin (application/octet-stream) in EX31022.COBA.SISPPENU, moved to COBAPENU/COBANL09
2025-04-04 08:01:11.740439 - Found COBANL10.txt (text/plain) in EX31022.COBA.SISPPENU, moved to COBAPENU/COBANL10
2025-04-04 08:01:11.740563 - Found COBASYNT.txt (text/plain) in EX31022.COBA.SISPPENU, moved to COBAPENU/COBASYNT
2025-04-04 08:01:11.740683 - Found COBASYSI.bin (application/octet-stream) in EX31022.COBA.SISPPENU, moved to COBAPENU/COBASYSI
2025-04-04 08:01:11.740805 - Found COBA000.txt (text/plain) in EX31022.COBA.SISPPENU, moved to COBAPENU/COBA000
2025-04-04 08:01:11.741747 - Found COBATENU.xmi (application/xmit) in CBT.V508.FILE330.PDS, moved to PDS/COBATENU.xmi
2025-04-04 08:01:11.754890 - Received EX31022.COBA.SISPTENU from COBATENU.xmi 
2025-04-04 08:01:11.755347 - Found COBANL00.bin (application/octet-stream) in EX31022.COBA.SISPTENU, moved to COBATENU/COBANL00
2025-04-04 08:01:11.755486 - Found COBANL01.bin (application/octet-stream) in EX31022.COBA.SISPTENU, moved to COBATENU/COBANL01
2025-04-04 08:01:11.755613 - Found COBANL02.bin (application/octet-stream) in EX31022.COBA.SISPTENU, moved to COBATENU/COBANL02
2025-04-04 08:01:11.755731 - Found COBANL03.bin (application/octet-stream) in EX31022.COBA.SISPTENU, moved to COBATENU/COBANL03
2025-04-04 08:01:11.755851 - Found COBANL04.bin (application/octet-stream) in EX31022.COBA.SISPTENU, moved to COBATENU/COBANL04
2025-04-04 08:01:11.755977 - Found ISPCMDS.bin (application/octet-stream) in EX31022.COBA.SISPTENU, moved to COBATENU/ISPCMDS
2025-04-04 08:01:11.756107 - Found ISPPROF.bin (application/octet-stream) in EX31022.COBA.SISPTENU, moved to COBATENU/ISPPROF
2025-04-04 08:01:11.756226 - Found ISPSPROF.bin (application/octet-stream) in EX31022.COBA.SISPTENU, moved to COBATENU/ISPSPROF
